# JRE version: Java(TM) SE Runtime Environment (19.0.1+10) (build 19.0.1+10-21)
# Java VM: Java HotSpot(TM) 64-Bit Server VM (19.0.1+10-21, mixed mode, sharing, tiered, compressed oops, compressed class ptrs, g1 gc, windows-amd64)
GC Precious Log:
 CardTable entry size: 512
 Card Set container configuration: InlinePtr #cards 5 size 8 Array Of Cards #cards 12 size 40 Howl #buckets 4 coarsen threshold 1843 Howl Bitmap #cards 512 size 80 coarsen threshold 460 Card regions per heap region 1 cards per card region 2048
 CPUs: 12 total, 12 available
 Memory: 7955M
 Large Page Support: Disabled
 NUMA Support: Disabled
 Compressed Oops: Enabled (32-bit)
 Heap Region Size: 1M
 Heap Min Capacity: 8M
 Heap Initial Capacity: 126M
 Heap Max Capacity: 1990M
 Pre-touch: Disabled
 Parallel Workers: 10
 Concurrent Workers: 3
 Concurrent Refinement Workers: 10
 Periodic GC: Disabled
Heap:
 garbage-first heap   total 103424K, used 41984K [0x0000000083a00000, 0x0000000100000000)
  region size 1024K, 5 young (5120K), 5 survivors (5120K)
 Metaspace       used 44423K, committed 45184K, reserved 1114112K
  class space    used 5270K, committed 5632K, reserved 1048576K
GC Heap History (19 events):
Event: 0.356 GC heap before
{Heap before GC invocations=0 (full 0):
 garbage-first heap   total 129024K, used 27648K [0x0000000083a00000, 0x0000000100000000)
  region size 1024K, 23 young (23552K), 0 survivors (0K)
 Metaspace       used 6697K, committed 6912K, reserved 1114112K
  class space    used 647K, committed 768K, reserved 1048576K
}
Event: 0.359 GC heap after
{Heap after GC invocations=1 (full 0):
 garbage-first heap   total 129024K, used 6997K [0x0000000083a00000, 0x0000000100000000)
  region size 1024K, 3 young (3072K), 3 survivors (3072K)
 Metaspace       used 6697K, committed 6912K, reserved 1114112K
  class space    used 647K, committed 768K, reserved 1048576K
}
Event: 0.764 GC heap before
{Heap before GC invocations=1 (full 0):
 garbage-first heap   total 129024K, used 41813K [0x0000000083a00000, 0x0000000100000000)
  region size 1024K, 37 young (37888K), 3 survivors (3072K)
 Metaspace       used 14804K, committed 15040K, reserved 1114112K
  class space    used 1654K, committed 1792K, reserved 1048576K
}
Event: 0.773 GC heap after
{Heap after GC invocations=2 (full 0):
 garbage-first heap   total 129024K, used 10587K [0x0000000083a00000, 0x0000000100000000)
  region size 1024K, 4 young (4096K), 4 survivors (4096K)
 Metaspace       used 14804K, committed 15040K, reserved 1114112K
  class space    used 1654K, committed 1792K, reserved 1048576K
}
Event: 1.112 GC heap before
{Heap before GC invocations=2 (full 0):
 garbage-first heap   total 129024K, used 37211K [0x0000000083a00000, 0x0000000100000000)
  region size 1024K, 27 young (27648K), 4 survivors (4096K)
 Metaspace       used 21263K, committed 21504K, reserved 1114112K
  class space    used 2599K, committed 2752K, reserved 1048576K
}
Event: 1.117 GC heap after
{Heap after GC invocations=3 (full 0):
 garbage-first heap   total 129024K, used 16889K [0x0000000083a00000, 0x0000000100000000)
  region size 1024K, 6 young (6144K), 6 survivors (6144K)
 Metaspace       used 21263K, committed 21504K, reserved 1114112K
  class space    used 2599K, committed 2752K, reserved 1048576K
}
Event: 1.555 GC heap before
{Heap before GC invocations=4 (full 0):
 garbage-first heap   total 65536K, used 51705K [0x0000000083a00000, 0x0000000100000000)
  region size 1024K, 38 young (38912K), 6 survivors (6144K)
 Metaspace       used 26610K, committed 26880K, reserved 1114112K
  class space    used 3470K, committed 3584K, reserved 1048576K
}
Event: 1.568 GC heap after
{Heap after GC invocations=5 (full 0):
 garbage-first heap   total 65536K, used 23915K [0x0000000083a00000, 0x0000000100000000)
  region size 1024K, 5 young (5120K), 5 survivors (5120K)
 Metaspace       used 26610K, committed 26880K, reserved 1114112K
  class space    used 3470K, committed 3584K, reserved 1048576K
}
Event: 1.575 GC heap before
{Heap before GC invocations=5 (full 0):
 garbage-first heap   total 65536K, used 24939K [0x0000000083a00000, 0x0000000100000000)
  region size 1024K, 6 young (6144K), 5 survivors (5120K)
 Metaspace       used 26671K, committed 26944K, reserved 1114112K
  class space    used 3475K, committed 3584K, reserved 1048576K
}
Event: 1.580 GC heap after
{Heap after GC invocations=6 (full 0):
 garbage-first heap   total 65536K, used 24959K [0x0000000083a00000, 0x0000000100000000)
  region size 1024K, 1 young (1024K), 1 survivors (1024K)
 Metaspace       used 26671K, committed 26944K, reserved 1114112K
  class space    used 3475K, committed 3584K, reserved 1048576K
}
Event: 1.887 GC heap before
{Heap before GC invocations=6 (full 0):
 garbage-first heap   total 65536K, used 47487K [0x0000000083a00000, 0x0000000100000000)
  region size 1024K, 24 young (24576K), 1 survivors (1024K)
 Metaspace       used 31012K, committed 31296K, reserved 1114112K
  class space    used 3869K, committed 3968K, reserved 1048576K
}
Event: 1.890 GC heap after
{Heap after GC invocations=7 (full 0):
 garbage-first heap   total 131072K, used 25013K [0x0000000083a00000, 0x0000000100000000)
  region size 1024K, 3 young (3072K), 3 survivors (3072K)
 Metaspace       used 31012K, committed 31296K, reserved 1114112K
  class space    used 3869K, committed 3968K, reserved 1048576K
}
Event: 2.183 GC heap before
{Heap before GC invocations=7 (full 0):
 garbage-first heap   total 131072K, used 52661K [0x0000000083a00000, 0x0000000100000000)
  region size 1024K, 31 young (31744K), 3 survivors (3072K)
 Metaspace       used 35405K, committed 36096K, reserved 1114112K
  class space    used 4396K, committed 4736K, reserved 1048576K
}
Event: 2.187 GC heap after
{Heap after GC invocations=8 (full 0):
 garbage-first heap   total 131072K, used 27557K [0x0000000083a00000, 0x0000000100000000)
  region size 1024K, 6 young (6144K), 6 survivors (6144K)
 Metaspace       used 35405K, committed 36096K, reserved 1114112K
  class space    used 4396K, committed 4736K, reserved 1048576K
}
Event: 2.696 GC heap before
{Heap before GC invocations=9 (full 0):
 garbage-first heap   total 99328K, used 83877K [0x0000000083a00000, 0x0000000100000000)
  region size 1024K, 58 young (59392K), 6 survivors (6144K)
 Metaspace       used 41184K, committed 41920K, reserved 1114112K
  class space    used 5022K, committed 5376K, reserved 1048576K
}
Event: 2.705 GC heap after
{Heap after GC invocations=10 (full 0):
 garbage-first heap   total 99328K, used 35011K [0x0000000083a00000, 0x0000000100000000)
  region size 1024K, 8 young (8192K), 8 survivors (8192K)
 Metaspace       used 41184K, committed 41920K, reserved 1114112K
  class space    used 5022K, committed 5376K, reserved 1048576K
}
Event: 2.716 GC heap before
{Heap before GC invocations=10 (full 0):
 garbage-first heap   total 99328K, used 36035K [0x0000000083a00000, 0x0000000100000000)
  region size 1024K, 9 young (9216K), 8 survivors (8192K)
 Metaspace       used 41251K, committed 41984K, reserved 1114112K
  class space    used 5028K, committed 5376K, reserved 1048576K
}
Event: 2.724 GC heap after
{Heap after GC invocations=11 (full 0):
 garbage-first heap   total 99328K, used 35840K [0x0000000083a00000, 0x0000000100000000)
  region size 1024K, 1 young (1024K), 1 survivors (1024K)
 Metaspace       used 41251K, committed 41984K, reserved 1114112K
  class space    used 5028K, committed 5376K, reserved 1048576K
}
Event: 3.215 GC heap before
{Heap before GC invocations=11 (full 0):
 garbage-first heap   total 99328K, used 70656K [0x0000000083a00000, 0x0000000100000000)
  region size 1024K, 36 young (36864K), 1 survivors (1024K)
 Metaspace       used 44423K, committed 45184K, reserved 1114112K
  class space    used 5270K, committed 5632K, reserved 1048576K
}

